Build started 19.10.2014 11:20:21.
     1>Project "C:\Users\Admin\Documents\Visual Studio 2012\Projects\treasureHunterBuilderGUI\treasureHunterBuilderGUI\treasureHunterBuilderGUI.vcxproj" on node 2 (Rebuild target(s)).
     1>ClCompile:
         C:\Program Files (x86)\Microsoft Visual Studio 11.0\VC\bin\CL.exe /c /Zi /nologo /W3 /WX- /O2 /Oi /Oy- /GL /D WIN32 /D NDEBUG /D _WINDOWS /D _USING_V110_SDK71_ /D _UNICODE /D UNICODE /Gm- /EHsc /MT /GS /Gy /fp:precise /Zc:wchar_t /Zc:forScope /Fo"Release\\" /Fd"Release\vc110.pdb" /Gd /TC /analyze- /errorReport:prompt main.c
         main.c
     1>c:\users\admin\documents\visual studio 2012\projects\treasurehunterbuildergui\treasurehunterbuildergui\createWindow.h(27): warning C4996: 'wcscat': This function or variable may be unsafe. Consider using wcscat_s instead. To disable deprecation, use _CRT_SECURE_NO_WARNINGS. See online help for details.
     1>c:\users\admin\documents\visual studio 2012\projects\treasurehunterbuildergui\treasurehunterbuildergui\createWindow.h(29): warning C4047: 'function' : 'WPARAM' differs in levels of indirection from 'void *'
     1>c:\users\admin\documents\visual studio 2012\projects\treasurehunterbuildergui\treasurehunterbuildergui\createWindow.h(29): warning C4024: 'SendMessageW' : different types for formal and actual parameter 3
     1>c:\users\admin\documents\visual studio 2012\projects\treasurehunterbuildergui\treasurehunterbuildergui\createWindow.h(30): warning C4047: 'function' : 'LPARAM' differs in levels of indirection from 'void *'
     1>c:\users\admin\documents\visual studio 2012\projects\treasurehunterbuildergui\treasurehunterbuildergui\createWindow.h(30): warning C4024: 'SendMessageW' : different types for formal and actual parameter 4
     1>c:\users\admin\documents\visual studio 2012\projects\treasurehunterbuildergui\treasurehunterbuildergui\createWindow.h(37): warning C4101: 'hButtonExit' : unreferenced local variable
     1>c:\users\admin\documents\visual studio 2012\projects\treasurehunterbuildergui\treasurehunterbuildergui\createWindow.h(178): warning C4101: 'btnCheckStatus' : unreferenced local variable
     1>c:\users\admin\documents\visual studio 2012\projects\treasurehunterbuildergui\treasurehunterbuildergui\build.h(34): warning C4996: 'wcstombs': This function or variable may be unsafe. Consider using wcstombs_s instead. To disable deprecation, use _CRT_SECURE_NO_WARNINGS. See online help for details.
                 C:\Program Files (x86)\Microsoft Visual Studio 11.0\VC\include\stdlib.h(554) : see declaration of 'wcstombs'
     1>c:\users\admin\documents\visual studio 2012\projects\treasurehunterbuildergui\treasurehunterbuildergui\build.h(60): warning C4996: 'mbstowcs': This function or variable may be unsafe. Consider using mbstowcs_s instead. To disable deprecation, use _CRT_SECURE_NO_WARNINGS. See online help for details.
                 C:\Program Files (x86)\Microsoft Visual Studio 11.0\VC\include\stdlib.h(515) : see declaration of 'mbstowcs'
     1>c:\users\admin\documents\visual studio 2012\projects\treasurehunterbuildergui\treasurehunterbuildergui\build.h(67): warning C4101: 'numLength' : unreferenced local variable
     1>c:\users\admin\documents\visual studio 2012\projects\treasurehunterbuildergui\treasurehunterbuildergui\build.h(67): warning C4101: 'i' : unreferenced local variable
     1>c:\users\admin\documents\visual studio 2012\projects\treasurehunterbuildergui\treasurehunterbuildergui\build.h(66): warning C4101: 'debugString' : unreferenced local variable
     1>c:\users\admin\documents\visual studio 2012\projects\treasurehunterbuildergui\treasurehunterbuildergui\build.h(67): warning C4101: 'k' : unreferenced local variable
     1>c:\users\admin\documents\visual studio 2012\projects\treasurehunterbuildergui\treasurehunterbuildergui\build.h(67): warning C4101: 'j' : unreferenced local variable
       ResourceCompile:
         C:\Program Files (x86)\Microsoft SDKs\Windows\v7.1A\bin\rc.exe /D _USING_V110_SDK71_ /D _UNICODE /D UNICODE /l"0x0409" /nologo /fo"Release\resource.res" resource.rc 
       Link:
         C:\Program Files (x86)\Microsoft Visual Studio 11.0\VC\bin\link.exe /ERRORREPORT:PROMPT /OUT:"C:\Users\Admin\Documents\Visual Studio 2012\Projects\treasureHunterBuilderGUI\Release\treasureHunterBuilderGUI.exe" /INCREMENTAL:NO /NOLOGO kernel32.lib user32.lib gdi32.lib winspool.lib comdlg32.lib advapi32.lib shell32.lib ole32.lib oleaut32.lib uuid.lib odbc32.lib odbccp32.lib /MANIFEST /MANIFESTUAC:"level='asInvoker' uiAccess='false'" /manifest:embed /DEBUG /PDB:"C:\Users\Admin\Documents\Visual Studio 2012\Projects\treasureHunterBuilderGUI\Release\treasureHunterBuilderGUI.pdb" /SUBSYSTEM:WINDOWS,"5.01" /OPT:REF /OPT:ICF /LTCG /TLBID:1 /DYNAMICBASE /NXCOMPAT /IMPLIB:"C:\Users\Admin\Documents\Visual Studio 2012\Projects\treasureHunterBuilderGUI\Release\treasureHunterBuilderGUI.lib" /MACHINE:X86 /SAFESEH Release\resource.res
         Release\main.obj
         Generating code
     1>c:\users\admin\documents\visual studio 2012\projects\treasurehunterbuildergui\treasurehunterbuildergui\build.h(39): warning C4715: 'writeToBuild' : not all control paths return a value
         Finished generating code
         treasureHunterBuilderGUI.vcxproj -> C:\Users\Admin\Documents\Visual Studio 2012\Projects\treasureHunterBuilderGUI\Release\treasureHunterBuilderGUI.exe
     1>Done Building Project "C:\Users\Admin\Documents\Visual Studio 2012\Projects\treasureHunterBuilderGUI\treasureHunterBuilderGUI\treasureHunterBuilderGUI.vcxproj" (Rebuild target(s)).

Build succeeded.

Time Elapsed 00:00:02.28
