C:\USERS\ADMIN\DOCUMENTS\VISUAL STUDIO 2012\PROJECTS\TREASUREHUNTERBUILDERGUI\TREASUREHUNTERBUILDERGUI\RELEASE\MAIN.OBJ
C:\USERS\ADMIN\DOCUMENTS\VISUAL STUDIO 2012\PROJECTS\TREASUREHUNTERBUILDERGUI\TREASUREHUNTERBUILDERGUI\RELEASE\VC110.PDB
C:\USERS\ADMIN\DOCUMENTS\VISUAL STUDIO 2012\PROJECTS\TREASUREHUNTERBUILDERGUI\RELEASE\TREASUREHUNTERBUILDERGUI.EXE
C:\USERS\ADMIN\DOCUMENTS\VISUAL STUDIO 2012\PROJECTS\TREASUREHUNTERBUILDERGUI\RELEASE\TREASUREHUNTERBUILDERGUI.PDB
C:\USERS\ADMIN\DOCUMENTS\VISUAL STUDIO 2012\PROJECTS\TREASUREHUNTERBUILDERGUI\TREASUREHUNTERBUILDERGUI\RELEASE\RESOURCE.RES
C:\Users\Admin\Documents\Visual Studio 2012\Projects\treasureHunterBuilderGUI\treasureHunterBuilderGUI\Release\main.obj
C:\Users\Admin\Documents\Visual Studio 2012\Projects\treasureHunterBuilderGUI\treasureHunterBuilderGUI\Release\cl.command.1.tlog
C:\Users\Admin\Documents\Visual Studio 2012\Projects\treasureHunterBuilderGUI\treasureHunterBuilderGUI\Release\CL.read.1.tlog
C:\Users\Admin\Documents\Visual Studio 2012\Projects\treasureHunterBuilderGUI\treasureHunterBuilderGUI\Release\CL.write.1.tlog
C:\Users\Admin\Documents\Visual Studio 2012\Projects\treasureHunterBuilderGUI\treasureHunterBuilderGUI\Release\link-cvtres.read.1.tlog
C:\Users\Admin\Documents\Visual Studio 2012\Projects\treasureHunterBuilderGUI\treasureHunterBuilderGUI\Release\link-cvtres.write.1.tlog
C:\Users\Admin\Documents\Visual Studio 2012\Projects\treasureHunterBuilderGUI\treasureHunterBuilderGUI\Release\link-rc.read.1.tlog
C:\Users\Admin\Documents\Visual Studio 2012\Projects\treasureHunterBuilderGUI\treasureHunterBuilderGUI\Release\link-rc.write.1.tlog
C:\Users\Admin\Documents\Visual Studio 2012\Projects\treasureHunterBuilderGUI\treasureHunterBuilderGUI\Release\link.command.1.tlog
C:\Users\Admin\Documents\Visual Studio 2012\Projects\treasureHunterBuilderGUI\treasureHunterBuilderGUI\Release\link.read.1.tlog
C:\Users\Admin\Documents\Visual Studio 2012\Projects\treasureHunterBuilderGUI\treasureHunterBuilderGUI\Release\link.read.2.tlog
C:\Users\Admin\Documents\Visual Studio 2012\Projects\treasureHunterBuilderGUI\treasureHunterBuilderGUI\Release\link.write.1.tlog
C:\Users\Admin\Documents\Visual Studio 2012\Projects\treasureHunterBuilderGUI\treasureHunterBuilderGUI\Release\rc.command.1.tlog
C:\Users\Admin\Documents\Visual Studio 2012\Projects\treasureHunterBuilderGUI\treasureHunterBuilderGUI\Release\rc.read.1.tlog
C:\Users\Admin\Documents\Visual Studio 2012\Projects\treasureHunterBuilderGUI\treasureHunterBuilderGUI\Release\rc.write.1.tlog
C:\Users\Admin\Documents\Visual Studio 2012\Projects\treasureHunterBuilderGUI\treasureHunterBuilderGUI\Release\resource.res
C:\Users\Admin\Documents\Visual Studio 2012\Projects\treasureHunterBuilderGUI\treasureHunterBuilderGUI\Release\vc110.pdb
C:\Users\Admin\Documents\Visual Studio 2012\Projects\treasureHunterBuilderGUI\Release\treasureHunterBuilderGUI.pdb
C:\Users\Admin\Documents\Visual Studio 2012\Projects\treasureHunterBuilderGUI\Release\treasureHunterBuilderGUI.exe
