Build started 05.10.2014 14:04:02.
     1>Project "C:\Users\Admin\documents\visual studio 2012\Projects\treasureHunter\treasureHunter\treasureHunter.vcxproj" on node 2 (Build target(s)).
     1>ClCompile:
         C:\Program Files (x86)\Microsoft Visual Studio 11.0\VC\bin\CL.exe /c /ZI /nologo /W3 /WX- /Od /Oy- /D WIN32 /D _DEBUG /D _WINDOWS /D _UNICODE /D UNICODE /Gm /EHsc /RTC1 /MTd /GS /fp:precise /Zc:wchar_t /Zc:forScope /Fo"Debug\\" /Fd"Debug\vc110.pdb" /Gd /TC /analyze- /errorReport:prompt main.c
         main.c
     1>c:\users\admin\documents\visual studio 2012\projects\treasurehunter\treasurehunter\stringfunctions.h(89): warning C4996: 'mbstowcs': This function or variable may be unsafe. Consider using mbstowcs_s instead. To disable deprecation, use _CRT_SECURE_NO_WARNINGS. See online help for details.
                 c:\program files (x86)\microsoft visual studio 11.0\vc\include\stdlib.h(515) : see declaration of 'mbstowcs'
     1>c:\users\admin\documents\visual studio 2012\projects\treasurehunter\treasurehunter\internetconnection.h(13): warning C4018: '>' : signed/unsigned mismatch
     1>c:\users\admin\documents\visual studio 2012\projects\treasurehunter\treasurehunter\internetconnection.h(17): warning C4018: '<=' : signed/unsigned mismatch
     1>c:\users\admin\documents\visual studio 2012\projects\treasurehunter\treasurehunter\internetconnection.h(52): warning C4101: 'dwBytesWritten' : unreferenced local variable
     1>c:\users\admin\documents\visual studio 2012\projects\treasurehunter\treasurehunter\internetconnection.h(52): warning C4101: 'lpdwNumberOfBytesRead' : unreferenced local variable
     1>c:\users\admin\documents\visual studio 2012\projects\treasurehunter\treasurehunter\getsysinfo.h(31): warning C4018: '<' : signed/unsigned mismatch
     1>c:\users\admin\documents\visual studio 2012\projects\treasurehunter\treasurehunter\sendreport.h(90): warning C4996: 'wcstombs': This function or variable may be unsafe. Consider using wcstombs_s instead. To disable deprecation, use _CRT_SECURE_NO_WARNINGS. See online help for details.
                 c:\program files (x86)\microsoft visual studio 11.0\vc\include\stdlib.h(554) : see declaration of 'wcstombs'
     1>c:\users\admin\documents\visual studio 2012\projects\treasurehunter\treasurehunter\sendreport.h(105): warning C4101: 'j' : unreferenced local variable
     1>c:\users\admin\documents\visual studio 2012\projects\treasurehunter\treasurehunter\procscan.h(28): warning C4047: '=' : 'char' differs in levels of indirection from 'void *'
     1>c:\users\admin\documents\visual studio 2012\projects\treasurehunter\treasurehunter\procscan.h(77): warning C4996: 'wcstombs': This function or variable may be unsafe. Consider using wcstombs_s instead. To disable deprecation, use _CRT_SECURE_NO_WARNINGS. See online help for details.
                 c:\program files (x86)\microsoft visual studio 11.0\vc\include\stdlib.h(554) : see declaration of 'wcstombs'
     1>c:\users\admin\documents\visual studio 2012\projects\treasurehunter\treasurehunter\procscan.h(30): warning C4716: 'cleanBuffer' : must return a value
       Link:
         C:\Program Files (x86)\Microsoft Visual Studio 11.0\VC\bin\link.exe /ERRORREPORT:PROMPT /OUT:"C:\Users\Admin\documents\visual studio 2012\Projects\treasureHunter\Debug\treasureHunter.exe" /INCREMENTAL /NOLOGO kernel32.lib user32.lib gdi32.lib winspool.lib comdlg32.lib advapi32.lib shell32.lib ole32.lib oleaut32.lib uuid.lib odbc32.lib odbccp32.lib /MANIFEST /MANIFESTUAC:"level='asInvoker' uiAccess='false'" /manifest:embed /DEBUG /PDB:"C:\Users\Admin\documents\visual studio 2012\Projects\treasureHunter\Debug\treasureHunter.pdb" /SUBSYSTEM:WINDOWS /TLBID:1 /DYNAMICBASE /NXCOMPAT /IMPLIB:"C:\Users\Admin\documents\visual studio 2012\Projects\treasureHunter\Debug\treasureHunter.lib" /MACHINE:X86 Debug\main.obj
         treasureHunter.vcxproj -> C:\Users\Admin\documents\visual studio 2012\Projects\treasureHunter\Debug\treasureHunter.exe
     1>Done Building Project "C:\Users\Admin\documents\visual studio 2012\Projects\treasureHunter\treasureHunter\treasureHunter.vcxproj" (Build target(s)).

Build succeeded.

Time Elapsed 00:00:01.76
