C:\USERS\ADMIN\DOCUMENTS\VISUAL STUDIO 2012\PROJECTS\TREASUREHUNTER\TREASUREHUNTER\DEBUG\MAIN.OBJ
C:\USERS\ADMIN\DOCUMENTS\VISUAL STUDIO 2012\PROJECTS\TREASUREHUNTER\TREASUREHUNTER\DEBUG\VC110.PDB
C:\USERS\ADMIN\DOCUMENTS\VISUAL STUDIO 2012\PROJECTS\TREASUREHUNTER\DEBUG\TREASUREHUNTER.ILK
C:\USERS\ADMIN\DOCUMENTS\VISUAL STUDIO 2012\PROJECTS\TREASUREHUNTER\DEBUG\TREASUREHUNTER.EXE
C:\USERS\ADMIN\DOCUMENTS\VISUAL STUDIO 2012\PROJECTS\TREASUREHUNTER\DEBUG\TREASUREHUNTER.PDB
C:\Users\Admin\documents\visual studio 2012\Projects\treasureHunter\treasureHunter\Debug\main.obj
C:\Users\Admin\documents\visual studio 2012\Projects\treasureHunter\treasureHunter\Debug\cl.command.1.tlog
C:\Users\Admin\documents\visual studio 2012\Projects\treasureHunter\treasureHunter\Debug\CL.read.1.tlog
C:\Users\Admin\documents\visual studio 2012\Projects\treasureHunter\treasureHunter\Debug\CL.write.1.tlog
C:\Users\Admin\documents\visual studio 2012\Projects\treasureHunter\treasureHunter\Debug\link-cvtres.read.1.tlog
C:\Users\Admin\documents\visual studio 2012\Projects\treasureHunter\treasureHunter\Debug\link-cvtres.write.1.tlog
C:\Users\Admin\documents\visual studio 2012\Projects\treasureHunter\treasureHunter\Debug\link-rc.read.1.tlog
C:\Users\Admin\documents\visual studio 2012\Projects\treasureHunter\treasureHunter\Debug\link-rc.write.1.tlog
C:\Users\Admin\documents\visual studio 2012\Projects\treasureHunter\treasureHunter\Debug\link.180-cvtres.read.1.tlog
C:\Users\Admin\documents\visual studio 2012\Projects\treasureHunter\treasureHunter\Debug\link.180-cvtres.write.1.tlog
C:\Users\Admin\documents\visual studio 2012\Projects\treasureHunter\treasureHunter\Debug\link.180-rc.read.1.tlog
C:\Users\Admin\documents\visual studio 2012\Projects\treasureHunter\treasureHunter\Debug\link.180-rc.write.1.tlog
C:\Users\Admin\documents\visual studio 2012\Projects\treasureHunter\treasureHunter\Debug\link.180.read.1.tlog
C:\Users\Admin\documents\visual studio 2012\Projects\treasureHunter\treasureHunter\Debug\link.180.write.1.tlog
C:\Users\Admin\documents\visual studio 2012\Projects\treasureHunter\treasureHunter\Debug\link.2260-cvtres.read.1.tlog
C:\Users\Admin\documents\visual studio 2012\Projects\treasureHunter\treasureHunter\Debug\link.2260-cvtres.write.1.tlog
C:\Users\Admin\documents\visual studio 2012\Projects\treasureHunter\treasureHunter\Debug\link.2260-rc.read.1.tlog
C:\Users\Admin\documents\visual studio 2012\Projects\treasureHunter\treasureHunter\Debug\link.2260-rc.write.1.tlog
C:\Users\Admin\documents\visual studio 2012\Projects\treasureHunter\treasureHunter\Debug\link.2260.read.1.tlog
C:\Users\Admin\documents\visual studio 2012\Projects\treasureHunter\treasureHunter\Debug\link.2260.write.1.tlog
C:\Users\Admin\documents\visual studio 2012\Projects\treasureHunter\treasureHunter\Debug\link.6388-cvtres.read.1.tlog
C:\Users\Admin\documents\visual studio 2012\Projects\treasureHunter\treasureHunter\Debug\link.6388-cvtres.write.1.tlog
C:\Users\Admin\documents\visual studio 2012\Projects\treasureHunter\treasureHunter\Debug\link.6388-rc.read.1.tlog
C:\Users\Admin\documents\visual studio 2012\Projects\treasureHunter\treasureHunter\Debug\link.6388-rc.write.1.tlog
C:\Users\Admin\documents\visual studio 2012\Projects\treasureHunter\treasureHunter\Debug\link.6388.read.1.tlog
C:\Users\Admin\documents\visual studio 2012\Projects\treasureHunter\treasureHunter\Debug\link.6388.write.1.tlog
C:\Users\Admin\documents\visual studio 2012\Projects\treasureHunter\treasureHunter\Debug\link.command.1.tlog
C:\Users\Admin\documents\visual studio 2012\Projects\treasureHunter\treasureHunter\Debug\link.read.1.tlog
C:\Users\Admin\documents\visual studio 2012\Projects\treasureHunter\treasureHunter\Debug\link.write.1.tlog
C:\Users\Admin\documents\visual studio 2012\Projects\treasureHunter\treasureHunter\Debug\vc110.idb
C:\Users\Admin\documents\visual studio 2012\Projects\treasureHunter\treasureHunter\Debug\vc110.pdb
C:\Users\Admin\documents\visual studio 2012\Projects\treasureHunter\Debug\treasureHunter.pdb
C:\Users\Admin\documents\visual studio 2012\Projects\treasureHunter\Debug\treasureHunter.exe
C:\Users\Admin\documents\visual studio 2012\Projects\treasureHunter\Debug\treasureHunter.ilk
